<?xml version="1.0" encoding="UTF-8"?>
<!-- Generated by org.testng.reporters.JUnitXMLReporter -->
<testsuite hostname="Amir-PC" name="Default test" tests="4" failures="0" timestamp="3 Nov 2019 10:00:25 GMT" time="0.071" errors="0">
  <testcase name="delete" time="0.032" classname="com.amir.demo.core.impl.SynonymServiceImplTest"/>
  <testcase name="getAll" time="0.012" classname="com.amir.demo.core.impl.SynonymServiceImplTest"/>
  <testcase name="save" time="0.006" classname="com.amir.demo.core.impl.SynonymServiceImplTest"/>
  <testcase name="search" time="0.004" classname="com.amir.demo.core.impl.SynonymServiceImplTest"/>
</testsuite> <!-- Default test -->
